{"level":"info","message":"Server running in development mode on port 5000","service":"chat-app","timestamp":"2025-06-11T14:50:52.651Z"}
{"level":"info","message":"MongoDB Connected: localhost","service":"chat-app","timestamp":"2025-06-11T14:50:52.666Z"}
{"level":"info","message":"Server running in development mode on port 5000","service":"chat-app","timestamp":"2025-06-11T15:57:24.554Z"}
{"level":"info","message":"MongoDB Connected: localhost","service":"chat-app","timestamp":"2025-06-11T15:57:24.576Z"}
{"level":"info","message":"Server running in development mode on port 5000","service":"chat-app","timestamp":"2025-06-11T16:05:24.690Z"}
{"level":"info","message":"MongoDB Connected: localhost","service":"chat-app","timestamp":"2025-06-11T16:05:24.722Z"}
{"level":"info","message":"Socket connected: p1zg8Is-U8TxGkOLAAAB","service":"chat-app","timestamp":"2025-06-11T16:17:10.818Z"}
{"level":"info","message":"Socket connected: gBDZzxJymRO7Cc_cAAAD","service":"chat-app","timestamp":"2025-06-11T16:17:46.600Z"}
{"level":"info","message":"Socket connected: uXbPP4ToUBWBJ2SnAAAF","service":"chat-app","timestamp":"2025-06-11T16:17:55.041Z"}
{"level":"info","message":"Socket connected: jonkzY7IgZCKJtvoAAAH","service":"chat-app","timestamp":"2025-06-11T16:21:04.166Z"}
{"level":"info","message":"Socket connected: dC9t7kzxmt2OP9d-AAAJ","service":"chat-app","timestamp":"2025-06-11T16:21:20.888Z"}
{"level":"info","message":"Socket connected: P9DdAR0Zx35UigmEAAAL","service":"chat-app","timestamp":"2025-06-11T16:21:21.922Z"}
{"level":"info","message":"Socket connected: vsZE8uCkCzYgUmkLAAAN","service":"chat-app","timestamp":"2025-06-11T16:21:22.840Z"}
{"level":"info","message":"Socket connected: xS7oSwDNrqEMKmGtAAAP","service":"chat-app","timestamp":"2025-06-11T16:21:36.407Z"}
{"level":"info","message":"Socket connected: yBKzCU3DYRb9yJAxAAAR","service":"chat-app","timestamp":"2025-06-11T16:21:44.815Z"}
{"level":"info","message":"Socket connected: PIrjE4jpOY97q5mKAAAT","service":"chat-app","timestamp":"2025-06-11T16:21:45.773Z"}
{"level":"info","message":"Socket connected: vsMgzgMJhMwIAzBGAAAV","service":"chat-app","timestamp":"2025-06-11T16:30:44.403Z"}
{"level":"info","message":"Socket connected: 56bD7Kvnk-9SSB8rAAAX","service":"chat-app","timestamp":"2025-06-11T16:30:45.403Z"}
{"level":"info","message":"Socket connected: nBz7eHaJ9bWvuwQuAAAZ","service":"chat-app","timestamp":"2025-06-11T16:30:58.672Z"}
{"level":"info","message":"Socket connected: BP-rGVCFOQpDI4DXAAAb","service":"chat-app","timestamp":"2025-06-11T16:32:55.069Z"}
{"level":"info","message":"Socket connected: 6YLPDFPCq7geUehTAAAd","service":"chat-app","timestamp":"2025-06-11T16:32:56.671Z"}
{"level":"info","message":"Socket connected: -1bAp6PuzHRrsr-7AAAf","service":"chat-app","timestamp":"2025-06-11T16:33:15.382Z"}
{"level":"info","message":"Socket connected: oE2jlpxOBosZvLGTAAAh","service":"chat-app","timestamp":"2025-06-11T16:33:29.575Z"}
{"level":"info","message":"Socket connected: ukY2qOYpRdZHRi3zAAAj","service":"chat-app","timestamp":"2025-06-11T16:33:30.646Z"}
{"level":"info","message":"Socket connected: EGXNgqWETny9P_VqAAAl","service":"chat-app","timestamp":"2025-06-11T16:33:31.524Z"}
{"level":"info","message":"Socket connected: _-Hl8udVQCTNJTc3AAAn","service":"chat-app","timestamp":"2025-06-11T16:33:32.438Z"}
{"level":"info","message":"Socket connected: 5ZNLjC_OMOwFQgRYAAAp","service":"chat-app","timestamp":"2025-06-11T16:33:33.140Z"}
{"level":"info","message":"Socket connected: 0mvdYUtY5D1ykPuYAAAr","service":"chat-app","timestamp":"2025-06-11T16:33:33.785Z"}
{"level":"info","message":"Server running in development mode on port 5000","service":"chat-app","timestamp":"2025-06-12T08:59:10.099Z"}
{"level":"info","message":"Server running in development mode on port 5000","service":"chat-app","timestamp":"2025-06-12T08:59:24.934Z"}
{"level":"error","message":"Database connection error: connect ECONNREFUSED ::1:27017","service":"chat-app","timestamp":"2025-06-12T08:59:54.930Z"}
{"level":"info","message":"Server running in development mode on port 5000","service":"chat-app","timestamp":"2025-06-12T09:01:26.524Z"}
{"level":"error","message":"Database connection error: connect ECONNREFUSED ::1:27017","service":"chat-app","timestamp":"2025-06-12T09:01:56.522Z"}
{"level":"info","message":"Server running in development mode on port 5000","service":"chat-app","timestamp":"2025-06-12T09:02:10.564Z"}
{"level":"error","message":"Database connection error: connect ECONNREFUSED ::1:27017","service":"chat-app","timestamp":"2025-06-12T09:02:40.562Z"}
{"level":"info","message":"Server running in development mode on port 5000","service":"chat-app","timestamp":"2025-06-12T09:04:00.986Z"}
{"level":"info","message":"Server running in development mode on port 5000","service":"chat-app","timestamp":"2025-06-12T09:04:32.775Z"}
{"level":"error","message":"Database connection error: connect ECONNREFUSED ::1:27017","service":"chat-app","timestamp":"2025-06-12T09:05:02.781Z"}
{"level":"info","message":"Server running in development mode on port 5000","service":"chat-app","timestamp":"2025-06-12T09:07:10.617Z"}
{"level":"error","message":"Database connection error: connect ECONNREFUSED ::1:27017","service":"chat-app","timestamp":"2025-06-12T09:07:40.608Z"}
